{"C:\\Users\\dba0403\\OneDrive - GARAIO AG\\Dokumente\\teko\\Web Engineering\\weather-app\\weather.js": {"path":"C:\\Users\\dba0403\\OneDrive - GARAIO AG\\Dokumente\\teko\\Web Engineering\\weather-app\\weather.js","statementMap":{"0":{"start":{"line":1,"column":14},"end":{"line":1,"column":30}},"1":{"start":{"line":3,"column":23},"end":{"line":10,"column":1}},"2":{"start":{"line":4,"column":17},"end":{"line":4,"column":48}},"3":{"start":{"line":5,"column":19},"end":{"line":7,"column":3}},"4":{"start":{"line":8,"column":22},"end":{"line":8,"column":68}},"5":{"start":{"line":9,"column":2},"end":{"line":9,"column":54}},"6":{"start":{"line":12,"column":19},"end":{"line":20,"column":1}},"7":{"start":{"line":13,"column":17},"end":{"line":13,"column":46}},"8":{"start":{"line":14,"column":19},"end":{"line":16,"column":3}},"9":{"start":{"line":17,"column":39},"end":{"line":17,"column":57}},"10":{"start":{"line":18,"column":20},"end":{"line":18,"column":49}},"11":{"start":{"line":19,"column":2},"end":{"line":19,"column":49}},"12":{"start":{"line":22,"column":0},"end":{"line":22,"column":48}}},"fnMap":{"0":{"name":"(anonymous_0)","decl":{"start":{"line":3,"column":23},"end":{"line":3,"column":24}},"loc":{"start":{"line":3,"column":42},"end":{"line":10,"column":1}},"line":3},"1":{"name":"(anonymous_1)","decl":{"start":{"line":12,"column":19},"end":{"line":12,"column":20}},"loc":{"start":{"line":12,"column":42},"end":{"line":20,"column":1}},"line":12}},"branchMap":{},"s":{"0":1,"1":1,"2":1,"3":1,"4":1,"5":1,"6":1,"7":1,"8":1,"9":1,"10":1,"11":1,"12":1},"f":{"0":1,"1":1},"b":{},"_coverageSchema":"1a1c01bbd47fc00a2c39e90264f33305004495a9","hash":"619382078e01ce53c2111fcb08b4dfc1d1551e19"}
}
